<?xml version="1.0" encoding="UTF-8"?>
<!-- Generated by org.testng.reporters.JUnitReportReporter -->
<testsuite hostname="MS" failures="0" tests="1" name="test.TC02" time="40.253" errors="0" timestamp="2024-02-08T09:54:05 IST" skipped="0">
  <testcase classname="test.TC02" name="goToHomepage" time="40.253"/>
</testsuite> <!-- test.TC02 -->
